<?xml version="1.0" encoding="UTF-8" ?>
<testsuite failures="0" time="0.526" errors="0" skipped="0" tests="10" name="org.goldenorb.util.TestCommandLineUtils">
  <properties>
    <property name="java.runtime.name" value="Java(TM) SE Runtime Environment"/>
    <property name="sun.boot.library.path" value="/usr/lib/jvm/java-6-sun-1.6.0.26/jre/lib/i386"/>
    <property name="java.vm.version" value="20.1-b02"/>
    <property name="java.vm.vendor" value="Sun Microsystems Inc."/>
    <property name="java.vendor.url" value="http://java.sun.com/"/>
    <property name="path.separator" value=":"/>
    <property name="java.vm.name" value="Java HotSpot(TM) Server VM"/>
    <property name="file.encoding.pkg" value="sun.io"/>
    <property name="user.country" value="US"/>
    <property name="sun.java.launcher" value="SUN_STANDARD"/>
    <property name="sun.os.patch.level" value="unknown"/>
    <property name="java.vm.specification.name" value="Java Virtual Machine Specification"/>
    <property name="user.dir" value="/gpfs/main/research/goldenorb/goldenorb"/>
    <property name="java.runtime.version" value="1.6.0_26-b03"/>
    <property name="java.awt.graphicsenv" value="sun.awt.X11GraphicsEnvironment"/>
    <property name="basedir" value="/gpfs/main/research/goldenorb/goldenorb"/>
    <property name="java.endorsed.dirs" value="/usr/lib/jvm/java-6-sun-1.6.0.26/jre/lib/endorsed"/>
    <property name="os.arch" value="i386"/>
    <property name="java.io.tmpdir" value="/tmp"/>
    <property name="line.separator" value="
"/>
    <property name="java.vm.specification.vendor" value="Sun Microsystems Inc."/>
    <property name="os.name" value="Linux"/>
    <property name="sun.jnu.encoding" value="ANSI_X3.4-1968"/>
    <property name="java.library.path" value="/usr/lib/jvm/java-6-sun-1.6.0.26/jre/lib/i386/server:/usr/lib/jvm/java-6-sun-1.6.0.26/jre/lib/i386:/usr/lib/jvm/java-6-sun-1.6.0.26/jre/../lib/i386:/home/andrew/local/lib::/home/andrew/lib:/usr/java/packages/lib/i386:/lib:/usr/lib"/>
    <property name="surefire.test.class.path" value="/gpfs/main/research/goldenorb/goldenorb/target/test-classes:/gpfs/main/research/goldenorb/goldenorb/target/classes:/home/andrew/.m2/repository/org/apache/zookeeper/zookeeper/3.3.3/zookeeper-3.3.3.jar:/home/andrew/.m2/repository/log4j/log4j/1.2.16/log4j-1.2.16.jar:/home/andrew/.m2/repository/jline/jline/0.9.94/jline-0.9.94.jar:/home/andrew/.m2/repository/junit/junit/4.8.2/junit-4.8.2.jar:/home/andrew/.m2/repository/org/slf4j/slf4j-api/1.6.1/slf4j-api-1.6.1.jar:/home/andrew/.m2/repository/org/slf4j/slf4j-log4j12/1.6.1/slf4j-log4j12-1.6.1.jar:/home/andrew/.m2/repository/org/apache/hadoop/hadoop-test/0.20.2/hadoop-test-0.20.2.jar:/home/andrew/.m2/repository/org/apache/hadoop/hadoop-core/0.20.2/hadoop-core-0.20.2.jar:/home/andrew/.m2/repository/commons-cli/commons-cli/1.2/commons-cli-1.2.jar:/home/andrew/.m2/repository/xmlenc/xmlenc/0.52/xmlenc-0.52.jar:/home/andrew/.m2/repository/commons-httpclient/commons-httpclient/3.0.1/commons-httpclient-3.0.1.jar:/home/andrew/.m2/repository/commons-logging/commons-logging/1.0.3/commons-logging-1.0.3.jar:/home/andrew/.m2/repository/commons-codec/commons-codec/1.3/commons-codec-1.3.jar:/home/andrew/.m2/repository/commons-net/commons-net/1.4.1/commons-net-1.4.1.jar:/home/andrew/.m2/repository/oro/oro/2.0.8/oro-2.0.8.jar:/home/andrew/.m2/repository/org/mortbay/jetty/jetty/6.1.14/jetty-6.1.14.jar:/home/andrew/.m2/repository/org/mortbay/jetty/jetty-util/6.1.14/jetty-util-6.1.14.jar:/home/andrew/.m2/repository/org/mortbay/jetty/servlet-api-2.5/6.1.14/servlet-api-2.5-6.1.14.jar:/home/andrew/.m2/repository/tomcat/jasper-runtime/5.5.12/jasper-runtime-5.5.12.jar:/home/andrew/.m2/repository/tomcat/jasper-compiler/5.5.12/jasper-compiler-5.5.12.jar:/home/andrew/.m2/repository/org/mortbay/jetty/jsp-api-2.1/6.1.14/jsp-api-2.1-6.1.14.jar:/home/andrew/.m2/repository/org/mortbay/jetty/jsp-2.1/6.1.14/jsp-2.1-6.1.14.jar:/home/andrew/.m2/repository/ant/ant/1.6.5/ant-1.6.5.jar:/home/andrew/.m2/repository/commons-el/commons-el/1.0/commons-el-1.0.jar:/home/andrew/.m2/repository/net/java/dev/jets3t/jets3t/0.7.1/jets3t-0.7.1.jar:/home/andrew/.m2/repository/net/sf/kosmosfs/kfs/0.3/kfs-0.3.jar:/home/andrew/.m2/repository/hsqldb/hsqldb/1.8.0.10/hsqldb-1.8.0.10.jar:/home/andrew/.m2/repository/org/apache/ftpserver/ftplet-api/1.0.0/ftplet-api-1.0.0.jar:/home/andrew/.m2/repository/org/apache/mina/mina-core/2.0.0-M5/mina-core-2.0.0-M5.jar:/home/andrew/.m2/repository/org/apache/ftpserver/ftpserver-core/1.0.0/ftpserver-core-1.0.0.jar:/home/andrew/.m2/repository/org/apache/ftpserver/ftpserver-deprecated/1.0.0-M2/ftpserver-deprecated-1.0.0-M2.jar:/home/andrew/.m2/repository/org/mockito/mockito-core/1.8.5/mockito-core-1.8.5.jar:/home/andrew/.m2/repository/org/hamcrest/hamcrest-core/1.1/hamcrest-core-1.1.jar:/home/andrew/.m2/repository/org/objenesis/objenesis/1.0/objenesis-1.0.jar:/home/andrew/.m2/repository/org/eclipse/jdt/core/3.1.1/core-3.1.1.jar:"/>
    <property name="java.specification.name" value="Java Platform API Specification"/>
    <property name="java.class.version" value="50.0"/>
    <property name="sun.management.compiler" value="HotSpot Tiered Compilers"/>
    <property name="os.version" value="2.6.32-5-686-bigmem"/>
    <property name="user.home" value="/home/andrew"/>
    <property name="user.timezone" value=""/>
    <property name="java.awt.printerjob" value="sun.print.PSPrinterJob"/>
    <property name="file.encoding" value="ANSI_X3.4-1968"/>
    <property name="java.specification.version" value="1.6"/>
    <property name="user.name" value="andrew"/>
    <property name="java.class.path" value="/gpfs/main/research/goldenorb/goldenorb/target/surefire/surefirebooter8409989524629808037.jar"/>
    <property name="java.vm.specification.version" value="1.0"/>
    <property name="sun.arch.data.model" value="32"/>
    <property name="java.home" value="/usr/lib/jvm/java-6-sun-1.6.0.26/jre"/>
    <property name="sun.java.command" value="/gpfs/main/research/goldenorb/goldenorb/target/surefire/surefirebooter8409989524629808037.jar /gpfs/main/research/goldenorb/goldenorb/target/surefire/surefire4471166934377093718tmp /gpfs/main/research/goldenorb/goldenorb/target/surefire/surefire4057229640238769384tmp"/>
    <property name="java.specification.vendor" value="Sun Microsystems Inc."/>
    <property name="user.language" value="en"/>
    <property name="java.vm.info" value="mixed mode"/>
    <property name="java.version" value="1.6.0_26"/>
    <property name="java.ext.dirs" value="/usr/lib/jvm/java-6-sun-1.6.0.26/jre/lib/ext:/usr/java/packages/lib/ext"/>
    <property name="sun.boot.class.path" value="/usr/lib/jvm/java-6-sun-1.6.0.26/jre/lib/resources.jar:/usr/lib/jvm/java-6-sun-1.6.0.26/jre/lib/rt.jar:/usr/lib/jvm/java-6-sun-1.6.0.26/jre/lib/sunrsasign.jar:/usr/lib/jvm/java-6-sun-1.6.0.26/jre/lib/jsse.jar:/usr/lib/jvm/java-6-sun-1.6.0.26/jre/lib/jce.jar:/usr/lib/jvm/java-6-sun-1.6.0.26/jre/lib/charsets.jar:/usr/lib/jvm/java-6-sun-1.6.0.26/jre/lib/modules/jdk.boot.jar:/usr/lib/jvm/java-6-sun-1.6.0.26/jre/classes"/>
    <property name="java.vendor" value="Sun Microsystems Inc."/>
    <property name="localRepository" value="/home/andrew/.m2/repository"/>
    <property name="file.separator" value="/"/>
    <property name="java.vendor.url.bug" value="http://java.sun.com/cgi-bin/bugreport.cgi"/>
    <property name="sun.cpu.endian" value="little"/>
    <property name="sun.io.unicode.encoding" value="UnicodeLittle"/>
    <property name="sun.cpu.isalist" value=""/>
  </properties>
  <testcase time="0.003" classname="org.goldenorb.util.TestCommandLineUtils" name="testHelp"/>
  <testcase time="0.041" classname="org.goldenorb.util.TestCommandLineUtils" name="testJob1"/>
  <testcase time="0.026" classname="org.goldenorb.util.TestCommandLineUtils" name="testJob2"/>
  <testcase time="0.013" classname="org.goldenorb.util.TestCommandLineUtils" name="testJob3"/>
  <testcase time="0.011" classname="org.goldenorb.util.TestCommandLineUtils" name="testJobKill1"/>
  <testcase time="0.015" classname="org.goldenorb.util.TestCommandLineUtils" name="testJobKill2"/>
  <testcase time="0.003" classname="org.goldenorb.util.TestCommandLineUtils" name="testJobStatus1"/>
  <testcase time="0.005" classname="org.goldenorb.util.TestCommandLineUtils" name="testJobStatus2"/>
  <testcase time="0.001" classname="org.goldenorb.util.TestCommandLineUtils" name="testJobStatus3"/>
  <testcase time="0.003" classname="org.goldenorb.util.TestCommandLineUtils" name="testJobStatus4"/>
</testsuite>